{
  "RSpec": {
    "coverage": {
      "/Users/soumyaray/Sync/Dropbox/ossdev/classes/SOA-class/projects/soa2025/soa2025-codepraise/require_app.rb": {
        "lines": [
          null,
          null,
          null,
          1,
          1,
          5,
          null,
          null
        ]
      },
      "/Users/soumyaray/Sync/Dropbox/ossdev/classes/SOA-class/projects/soa2025/soa2025-codepraise/lib/entities/member.rb": {
        "lines": [
          null,
          null,
          1,
          1,
          null,
          1,
          1,
          null,
          1,
          1,
          null,
          1,
          1,
          1,
          1,
          null,
          null,
          null
        ]
      },
      "/Users/soumyaray/Sync/Dropbox/ossdev/classes/SOA-class/projects/soa2025/soa2025-codepraise/lib/entities/project.rb": {
        "lines": [
          null,
          null,
          1,
          1,
          null,
          1,
          null,
          1,
          1,
          null,
          1,
          1,
          null,
          1,
          1,
          1,
          1,
          1,
          1,
          1,
          null,
          null,
          null
        ]
      },
      "/Users/soumyaray/Sync/Dropbox/ossdev/classes/SOA-class/projects/soa2025/soa2025-codepraise/lib/gateways/github_api.rb": {
        "lines": [
          null,
          null,
          1,
          null,
          1,
          1,
          null,
          1,
          1,
          null,
          1,
          10,
          null,
          null,
          1,
          6,
          null,
          null,
          1,
          4,
          null,
          null,
          1,
          null,
          1,
          6,
          null,
          null,
          null,
          1,
          1,
          10,
          null,
          null,
          1,
          10,
          null,
          null,
          null,
          null,
          10,
          10,
          null,
          null,
          null,
          null,
          null,
          1,
          1,
          1,
          null,
          null,
          1,
          null,
          null,
          null,
          1,
          10,
          null,
          null,
          1,
          2,
          null,
          null,
          null,
          null,
          null
        ]
      },
      "/Users/soumyaray/Sync/Dropbox/ossdev/classes/SOA-class/projects/soa2025/soa2025-codepraise/lib/mappers/member_mapper.rb": {
        "lines": [
          null,
          null,
          1,
          null,
          1,
          null,
          1,
          1,
          4,
          4,
          4,
          null,
          null,
          1,
          4,
          12,
          null,
          null,
          null,
          1,
          16,
          null,
          null,
          null,
          1,
          1,
          16,
          null,
          null,
          1,
          16,
          null,
          null,
          null,
          null,
          null,
          null,
          null,
          1,
          null,
          1,
          16,
          null,
          null,
          1,
          16,
          null,
          null,
          1,
          16,
          null,
          null,
          null,
          null,
          null
        ]
      },
      "/Users/soumyaray/Sync/Dropbox/ossdev/classes/SOA-class/projects/soa2025/soa2025-codepraise/lib/mappers/project_mapper.rb": {
        "lines": [
          null,
          null,
          1,
          null,
          1,
          1,
          null,
          1,
          1,
          6,
          6,
          6,
          null,
          null,
          1,
          6,
          4,
          null,
          null,
          1,
          4,
          null,
          null,
          null,
          1,
          1,
          4,
          4,
          null,
          null,
          null,
          null,
          1,
          4,
          null,
          null,
          null,
          null,
          null,
          null,
          null,
          null,
          null,
          null,
          1,
          4,
          null,
          null,
          1,
          4,
          null,
          null,
          1,
          4,
          null,
          null,
          1,
          4,
          null,
          null,
          1,
          4,
          null,
          null,
          1,
          4,
          null,
          null,
          null,
          null,
          null
        ]
      }
    },
    "timestamp": 1760253576
  }
}
