{
  "RSpec": {
    "coverage": {
      "/Users/soumyaray/Sync/Dropbox/ossdev/classes/SOA-class/projects/soa2025/soa2025-codepraise/lib/github_api.rb": {
        "lines": [
          null,
          null,
          1,
          1,
          1,
          null,
          1,
          null,
          1,
          1,
          null,
          1,
          6,
          null,
          null,
          1,
          6,
          null,
          4,
          null,
          null,
          1,
          1,
          null,
          4,
          null,
          null,
          1,
          null,
          1,
          6,
          null,
          null,
          null,
          1,
          1,
          7,
          null,
          null,
          1,
          7,
          null,
          null,
          null,
          null,
          7,
          7,
          null,
          null,
          null,
          null,
          null,
          1,
          1,
          1,
          null,
          null,
          1,
          null,
          null,
          null,
          1,
          7,
          null,
          null,
          1,
          2,
          null,
          null,
          null,
          null
        ]
      },
      "/Users/soumyaray/Sync/Dropbox/ossdev/classes/SOA-class/projects/soa2025/soa2025-codepraise/lib/project.rb": {
        "lines": [
          null,
          null,
          1,
          null,
          1,
          null,
          1,
          1,
          4,
          4,
          null,
          null,
          1,
          1,
          null,
          null,
          1,
          3,
          null,
          null,
          1,
          1,
          null,
          null,
          1,
          1,
          null,
          null,
          null
        ]
      },
      "/Users/soumyaray/Sync/Dropbox/ossdev/classes/SOA-class/projects/soa2025/soa2025-codepraise/lib/contributor.rb": {
        "lines": [
          null,
          null,
          1,
          null,
          1,
          1,
          5,
          null,
          null,
          1,
          5,
          null,
          null,
          1,
          0,
          null,
          null,
          null
        ]
      }
    },
    "timestamp": 1760250715
  }
}
